[2026-04-01 06:59:04] [ERROR] [::1] DISPATCH_EXCEPTION {"message":"Failed opening required 'C:\\xampp\\htdocs\\ppl\\nora2.0\/resources\/views\/dashboard\/cms_editor_pesan.php' (include_path='C:\\xampp\\php\\PEAR')","file":"C:\\xampp\\htdocs\\ppl\\nora2.0\\modules\\CMS\\Controller.php","line":96}
[2026-04-01 06:59:10] [ERROR] [::1] DISPATCH_EXCEPTION {"message":"Failed opening required 'C:\\xampp\\htdocs\\ppl\\nora2.0\/resources\/views\/dashboard\/cms_editor_pesan.php' (include_path='C:\\xampp\\php\\PEAR')","file":"C:\\xampp\\htdocs\\ppl\\nora2.0\\modules\\CMS\\Controller.php","line":96}
[2026-04-01 07:00:22] [ERROR] [::1] DISPATCH_EXCEPTION {"message":"Failed opening required 'C:\\xampp\\htdocs\\ppl\\nora2.0\/resources\/views\/templates\/header.php' (include_path='C:\\xampp\\php\\PEAR')","file":"C:\\xampp\\htdocs\\ppl\\nora2.0\\resources\\views\\dashboard\\cms_editor_pesan.php","line":3}
[2026-04-01 07:00:23] [ERROR] [::1] DISPATCH_EXCEPTION {"message":"Failed opening required 'C:\\xampp\\htdocs\\ppl\\nora2.0\/resources\/views\/templates\/header.php' (include_path='C:\\xampp\\php\\PEAR')","file":"C:\\xampp\\htdocs\\ppl\\nora2.0\\resources\\views\\dashboard\\cms_editor_pesan.php","line":3}
[2026-04-01 07:00:23] [ERROR] [::1] DISPATCH_EXCEPTION {"message":"Failed opening required 'C:\\xampp\\htdocs\\ppl\\nora2.0\/resources\/views\/templates\/header.php' (include_path='C:\\xampp\\php\\PEAR')","file":"C:\\xampp\\htdocs\\ppl\\nora2.0\\resources\\views\\dashboard\\cms_editor_pesan.php","line":3}
[2026-04-01 07:00:24] [ERROR] [::1] DISPATCH_EXCEPTION {"message":"Failed opening required 'C:\\xampp\\htdocs\\ppl\\nora2.0\/resources\/views\/templates\/header.php' (include_path='C:\\xampp\\php\\PEAR')","file":"C:\\xampp\\htdocs\\ppl\\nora2.0\\resources\\views\\dashboard\\cms_editor_pesan.php","line":3}
[2026-04-01 07:01:21] [ERROR] [::1] DISPATCH_EXCEPTION {"message":"Failed opening required 'C:\\xampp\\htdocs\\ppl\\nora2.0\\resources\\views\\company_profile\/partials\/header_hero.php' (include_path='C:\\xampp\\php\\PEAR')","file":"C:\\xampp\\htdocs\\ppl\\nora2.0\\resources\\views\\company_profile\\home.php","line":19}
[2026-04-01 07:01:25] [ERROR] [::1] DISPATCH_EXCEPTION {"message":"Failed opening required 'C:\\xampp\\htdocs\\ppl\\nora2.0\\resources\\views\\company_profile\/partials\/header_hero.php' (include_path='C:\\xampp\\php\\PEAR')","file":"C:\\xampp\\htdocs\\ppl\\nora2.0\\resources\\views\\company_profile\\home.php","line":19}
[2026-04-01 13:42:07] [ERROR] [::1] Database connection failed {"message":"SQLSTATE[HY000] [2006] MySQL server has gone away"}
[2026-04-01 13:42:07] [ERROR] [::1] DB selectOne failed {"sql":"SELECT id, username, name, password_hash, role, created_at, updated_at\r\n             FROM users WHERE username = :username LIMIT 1","error":"SQLSTATE[HY000] [2006] MySQL server has gone away"}
[2026-04-01 13:42:07] [ERROR] [::1] DISPATCH_EXCEPTION {"message":"SQLSTATE[HY000] [2006] MySQL server has gone away","file":"C:\\xampp\\htdocs\\ppl\\nora2.0\\app\\Adapters\\Database.php","line":40}
[2026-04-01 13:42:13] [ERROR] [::1] Database connection failed {"message":"SQLSTATE[HY000] [2002] No connection could be made because the target machine actively refused it"}
[2026-04-01 13:42:13] [ERROR] [::1] DB selectOne failed {"sql":"SELECT id, username, name, password_hash, role, created_at, updated_at\r\n             FROM users WHERE username = :username LIMIT 1","error":"SQLSTATE[HY000] [2002] No connection could be made because the target machine actively refused it"}
[2026-04-01 13:42:13] [ERROR] [::1] DISPATCH_EXCEPTION {"message":"SQLSTATE[HY000] [2002] No connection could be made because the target machine actively refused it","file":"C:\\xampp\\htdocs\\ppl\\nora2.0\\app\\Adapters\\Database.php","line":40}
[2026-04-01 13:42:23] [ERROR] [::1] Database connection failed {"message":"SQLSTATE[HY000] [2002] No connection could be made because the target machine actively refused it"}
[2026-04-01 13:42:49] [ERROR] [::1] Database connection failed {"message":"SQLSTATE[HY000] [2006] MySQL server has gone away"}
[2026-04-01 13:42:55] [ERROR] [::1] Database connection failed {"message":"SQLSTATE[HY000] [2002] No connection could be made because the target machine actively refused it"}
[2026-04-01 13:42:55] [ERROR] [::1] DB selectOne failed {"sql":"SELECT id, username, name, password_hash, role, created_at, updated_at\r\n             FROM users WHERE username = :username LIMIT 1","error":"SQLSTATE[HY000] [2002] No connection could be made because the target machine actively refused it"}
[2026-04-01 13:42:55] [ERROR] [::1] DISPATCH_EXCEPTION {"message":"SQLSTATE[HY000] [2002] No connection could be made because the target machine actively refused it","file":"C:\\xampp\\htdocs\\ppl\\nora2.0\\app\\Adapters\\Database.php","line":40}
[2026-04-01 13:43:09] [ERROR] [::1] Database connection failed {"message":"SQLSTATE[HY000] [2002] No connection could be made because the target machine actively refused it"}
[2026-04-01 13:43:09] [ERROR] [::1] DB selectOne failed {"sql":"SELECT id, username, name, password_hash, role, created_at, updated_at\r\n             FROM users WHERE username = :username LIMIT 1","error":"SQLSTATE[HY000] [2002] No connection could be made because the target machine actively refused it"}
[2026-04-01 13:43:09] [ERROR] [::1] DISPATCH_EXCEPTION {"message":"SQLSTATE[HY000] [2002] No connection could be made because the target machine actively refused it","file":"C:\\xampp\\htdocs\\ppl\\nora2.0\\app\\Adapters\\Database.php","line":40}
[2026-04-01 13:44:05] [ERROR] [::1] DB selectOne failed {"sql":"SELECT id, username, name, password_hash, role, created_at, updated_at\r\n             FROM users WHERE username = :username LIMIT 1","error":"SQLSTATE[42S02]: Base table or view not found: 1932 Table 'norasblmupdate.users' doesn't exist in engine"}
[2026-04-01 13:44:05] [ERROR] [::1] DISPATCH_EXCEPTION {"message":"SQLSTATE[42S02]: Base table or view not found: 1932 Table 'norasblmupdate.users' doesn't exist in engine","file":"C:\\xampp\\htdocs\\ppl\\nora2.0\\app\\Adapters\\Database.php","line":84}
[2026-04-01 13:46:29] [ERROR] [::1] DB selectOne failed {"sql":"SELECT id, username, name, password_hash, role, created_at, updated_at\r\n             FROM users WHERE username = :username LIMIT 1","error":"SQLSTATE[42S02]: Base table or view not found: 1146 Table 'norasblmupdate.users' doesn't exist"}
[2026-04-01 13:46:29] [ERROR] [::1] DISPATCH_EXCEPTION {"message":"SQLSTATE[42S02]: Base table or view not found: 1146 Table 'norasblmupdate.users' doesn't exist","file":"C:\\xampp\\htdocs\\ppl\\nora2.0\\app\\Adapters\\Database.php","line":84}
