[2026-04-12 14:28:03] [INFO] [::1] TRANSAKSI_SET_TAGIHAN {"registrasi_id":8,"total_tagihan":98765434567890,"user_id":2}
[2026-04-12 14:28:23] [INFO] [::1] TRANSAKSI_PEMBAYARAN {"registrasi_id":8,"nominal":989987656,"jumlah_bayar":"989987656.00","sisa":9999010012343.99,"lunas":false,"user_id":2}
[2026-04-12 14:28:40] [INFO] [::1] TRANSAKSI_PEMBAYARAN {"registrasi_id":8,"nominal":23567890987654,"jumlah_bayar":"9999999999999.99","sisa":0,"lunas":true,"user_id":2}
[2026-04-12 14:48:41] [INFO] [::1] TRANSAKSI_PEMBAYARAN {"registrasi_id":9,"nominal":999.999999999,"jumlah_bayar":"1000.00","sisa":9999999998999.99,"lunas":false,"user_id":2}
[2026-04-12 14:49:00] [INFO] [::1] TRANSAKSI_PEMBAYARAN {"registrasi_id":9,"nominal":1999,"jumlah_bayar":"2999.00","sisa":9999999997000.99,"lunas":false,"user_id":2}
[2026-04-12 14:49:19] [INFO] [::1] TRANSAKSI_PEMBAYARAN {"registrasi_id":9,"nominal":987654323,"jumlah_bayar":"987657322.00","sisa":9999012342677.99,"lunas":false,"user_id":2}
[2026-04-12 15:12:16] [INFO] [::1] TRANSAKSI_SET_TAGIHAN {"registrasi_id":10,"total_tagihan":87667890987,"user_id":2}
[2026-04-12 15:43:27] [INFO] [::1] TRANSAKSI_PEMBAYARAN {"registrasi_id":11,"nominal":9798799789,"jumlah_bayar":"9798799789.00","sisa":0,"lunas":true,"user_id":2}
[2026-04-13 12:41:06] [INFO] [::1] TRANSAKSI_PEMBAYARAN {"registrasi_id":12,"nominal":577,"jumlah_bayar":"577.00","sisa":9999423,"lunas":false,"user_id":2}
[2026-04-13 12:52:01] [INFO] [::1] TRANSAKSI_SET_TAGIHAN {"registrasi_id":12,"total_tagihan":10000000,"user_id":2}
[2026-04-13 12:52:30] [INFO] [::1] TRANSAKSI_SET_TAGIHAN {"registrasi_id":12,"total_tagihan":10000000,"user_id":2}
[2026-04-13 12:53:00] [INFO] [::1] TRANSAKSI_SET_TAGIHAN {"registrasi_id":12,"total_tagihan":100000000,"user_id":2}
[2026-04-13 13:00:13] [INFO] [::1] TRANSAKSI_SET_TAGIHAN {"registrasi_id":12,"total_tagihan":100000000,"user_id":2}
[2026-04-13 13:59:55] [INFO] [::1] TRANSAKSI_SET_TAGIHAN {"registrasi_id":14,"total_tagihan":3567,"user_id":2}
[2026-04-13 14:00:32] [INFO] [::1] TRANSAKSI_PEMBAYARAN {"registrasi_id":14,"nominal":32,"jumlah_bayar":"32.00","sisa":3535,"lunas":false,"user_id":2}
[2026-04-17 00:45:20] [INFO] [::1] TRANSAKSI_PEMBAYARAN {"registrasi_id":17,"nominal":98999,"jumlah_bayar":"98999.00","sisa":489890,"lunas":false,"user_id":2}
[2026-04-17 15:27:34] [INFO] [::1] TRANSAKSI_SET_TAGIHAN {"registrasi_id":17,"total_tagihan":588889,"user_id":2}
[2026-04-17 15:30:15] [INFO] [::1] TRANSAKSI_PEMBAYARAN {"registrasi_id":17,"nominal":87,"jumlah_bayar":"99086.00","sisa":489803,"lunas":false,"user_id":2}
[2026-04-17 15:31:37] [INFO] [::1] TRANSAKSI_PEMBAYARAN {"registrasi_id":18,"nominal":10000,"jumlah_bayar":"10000.00","sisa":0,"lunas":true,"user_id":2}
[2026-04-17 15:33:10] [INFO] [::1] TRANSAKSI_PEMBAYARAN {"registrasi_id":19,"nominal":1000,"jumlah_bayar":"1000.00","sisa":9000,"lunas":false,"user_id":2}
[2026-04-18 15:33:46] [INFO] [::1] TRANSAKSI_PEMBAYARAN {"registrasi_id":17,"nominal":70000,"jumlah_bayar":"169086.00","sisa":419803,"lunas":false,"user_id":2}
[2026-04-18 15:50:34] [INFO] [::1] TRANSAKSI_PEMBAYARAN {"registrasi_id":17,"nominal":123212,"jumlah_bayar":"292298.00","sisa":296591,"lunas":false,"user_id":2}
[2026-04-18 15:55:34] [INFO] [::1] TRANSAKSI_PEMBAYARAN {"registrasi_id":17,"nominal":297,"jumlah_bayar":"292595.00","sisa":296294,"lunas":false,"user_id":2}
[2026-04-18 16:45:52] [INFO] [::1] TRANSAKSI_SET_TAGIHAN {"registrasi_id":18,"total_tagihan":100000,"user_id":2}
[2026-04-18 16:49:29] [INFO] [::1] TRANSAKSI_SET_TAGIHAN {"registrasi_id":18,"total_tagihan":100000,"user_id":2}
[2026-04-18 16:50:00] [INFO] [::1] TRANSAKSI_SET_TAGIHAN {"registrasi_id":18,"total_tagihan":100000,"user_id":2}
[2026-04-18 17:05:48] [INFO] [::1] TRANSAKSI_SET_TAGIHAN {"registrasi_id":18,"total_tagihan":100000,"user_id":2}
[2026-04-18 17:07:35] [INFO] [::1] TRANSAKSI_SET_TAGIHAN {"registrasi_id":18,"total_tagihan":100000,"user_id":2}
[2026-04-18 17:07:56] [INFO] [::1] TRANSAKSI_SET_TAGIHAN {"registrasi_id":18,"total_tagihan":100000,"user_id":2}
[2026-04-18 17:16:35] [INFO] [::1] TRANSAKSI_SET_TAGIHAN {"registrasi_id":18,"total_tagihan":100000,"user_id":2}
[2026-04-18 17:19:01] [INFO] [::1] TRANSAKSI_SET_TAGIHAN {"registrasi_id":18,"total_tagihan":100000,"user_id":2}
[2026-04-18 17:26:54] [INFO] [::1] TRANSAKSI_SET_TAGIHAN {"registrasi_id":18,"total_tagihan":100000,"user_id":2}
[2026-04-18 17:30:12] [INFO] [::1] TRANSAKSI_PEMBAYARAN {"registrasi_id":18,"nominal":74229,"jumlah_bayar":"84229.00","sisa":15771,"lunas":false,"user_id":2}
[2026-04-18 17:31:15] [INFO] [::1] TRANSAKSI_SET_TAGIHAN {"registrasi_id":18,"total_tagihan":100000,"user_id":2}
[2026-04-18 17:32:48] [INFO] [::1] TRANSAKSI_PEMBAYARAN {"registrasi_id":19,"nominal":9000,"jumlah_bayar":"10000.00","sisa":0,"lunas":true,"user_id":2}
[2026-04-18 17:34:15] [INFO] [::1] TRANSAKSI_SET_TAGIHAN {"registrasi_id":18,"total_tagihan":100000,"user_id":2}
[2026-04-18 17:35:37] [INFO] [::1] TRANSAKSI_SET_TAGIHAN {"registrasi_id":18,"total_tagihan":100000,"user_id":2}
[2026-04-18 17:40:21] [INFO] [::1] TRANSAKSI_SET_TAGIHAN {"registrasi_id":18,"total_tagihan":100000,"user_id":2}
[2026-04-18 17:43:51] [INFO] [::1] TRANSAKSI_SET_TAGIHAN {"registrasi_id":18,"total_tagihan":100000,"user_id":2}
[2026-04-18 17:46:52] [INFO] [::1] TRANSAKSI_SET_TAGIHAN {"registrasi_id":18,"total_tagihan":100000,"user_id":2}
[2026-04-18 17:51:09] [INFO] [::1] TRANSAKSI_SET_TAGIHAN {"registrasi_id":18,"total_tagihan":100000,"user_id":2}
[2026-04-18 17:51:22] [INFO] [::1] TRANSAKSI_PEMBAYARAN {"registrasi_id":18,"nominal":869,"jumlah_bayar":"85098.00","sisa":14902,"lunas":false,"user_id":2}
[2026-04-18 17:52:58] [INFO] [::1] TRANSAKSI_PEMBAYARAN {"registrasi_id":18,"nominal":-85098,"jumlah_bayar":"0.00","sisa":100000,"lunas":false,"user_id":2}
[2026-04-18 17:53:09] [INFO] [::1] TRANSAKSI_PEMBAYARAN {"registrasi_id":18,"nominal":-1,"jumlah_bayar":"-1.00","sisa":100001,"lunas":false,"user_id":2}
[2026-04-18 17:54:32] [INFO] [::1] TRANSAKSI_SET_TAGIHAN {"registrasi_id":18,"total_tagihan":100000,"user_id":2}
[2026-04-18 17:55:02] [INFO] [::1] TRANSAKSI_SET_TAGIHAN {"registrasi_id":18,"total_tagihan":100000,"user_id":2}
[2026-04-18 17:57:52] [INFO] [::1] TRANSAKSI_PEMBAYARAN {"registrasi_id":18,"nominal":89,"jumlah_bayar":"88.00","sisa":99912,"lunas":false,"user_id":2}
[2026-04-18 18:18:00] [INFO] [::1] TRANSAKSI_PEMBAYARAN {"registrasi_id":18,"nominal":99912,"jumlah_bayar":"100000.00","sisa":0,"lunas":true,"user_id":2}
[2026-04-18 18:18:22] [INFO] [::1] TRANSAKSI_SET_TAGIHAN {"registrasi_id":18,"total_tagihan":1000000,"user_id":2}
[2026-04-18 18:18:43] [INFO] [::1] TRANSAKSI_SET_TAGIHAN {"registrasi_id":18,"total_tagihan":100000,"user_id":2}
[2026-04-18 18:43:42] [INFO] [::1] TRANSAKSI_SET_TAGIHAN {"registrasi_id":18,"total_tagihan":1000000,"user_id":2}
[2026-04-18 21:56:14] [INFO] [::1] TRANSAKSI_PEMBAYARAN {"registrasi_id":16,"nominal":1234567,"jumlah_bayar":"1234567.00","sisa":0,"lunas":true,"user_id":2}
[2026-04-19 21:08:02] [INFO] [::1] TRANSAKSI_PEMBAYARAN {"registrasi_id":13,"nominal":9,"jumlah_bayar":"9.00","sisa":0,"lunas":true,"user_id":2}
[2026-04-19 21:25:52] [INFO] [::1] TRANSAKSI_SET_TAGIHAN {"registrasi_id":15,"total_tagihan":56851,"user_id":2}
[2026-04-19 21:40:13] [INFO] [::1] TRANSAKSI_PEMBAYARAN {"registrasi_id":20,"nominal":6,"jumlah_bayar":"6.00","sisa":6,"lunas":false,"user_id":2}
[2026-04-20 14:15:27] [INFO] [::1] TRANSAKSI_PEMBAYARAN {"registrasi_id":21,"nominal":9876543,"jumlah_bayar":"9876543.00","sisa":13580246,"lunas":false,"user_id":2}
[2026-04-20 14:15:46] [INFO] [::1] TRANSAKSI_PEMBAYARAN {"registrasi_id":21,"nominal":13580246,"jumlah_bayar":"23456789.00","sisa":0,"lunas":true,"user_id":2}
[2026-04-20 22:41:59] [INFO] [::1] TRANSAKSI_SET_TAGIHAN {"registrasi_id":33,"total_tagihan":120,"user_id":2}
[2026-04-20 22:43:58] [INFO] [::1] TRANSAKSI_SET_TAGIHAN {"registrasi_id":33,"total_tagihan":1198,"user_id":2}
[2026-04-20 22:44:17] [INFO] [::1] TRANSAKSI_PEMBAYARAN {"registrasi_id":33,"nominal":78,"jumlah_bayar":"78.00","sisa":1120,"lunas":false,"user_id":2}
[2026-04-20 22:45:09] [INFO] [::1] TRANSAKSI_PEMBAYARAN {"registrasi_id":33,"nominal":7,"jumlah_bayar":"85.00","sisa":1113,"lunas":false,"user_id":2}
[2026-04-20 22:47:50] [INFO] [::1] TRANSAKSI_PEMBAYARAN {"registrasi_id":34,"nominal":12,"jumlah_bayar":"12.00","sisa":109,"lunas":false,"user_id":2}
[2026-04-20 23:07:16] [INFO] [::1] TRANSAKSI_SET_TAGIHAN {"registrasi_id":34,"total_tagihan":121,"user_id":2}
[2026-04-20 23:17:42] [INFO] [::1] TRANSAKSI_PEMBAYARAN {"registrasi_id":32,"nominal":19021,"jumlah_bayar":"19021.00","sisa":180,"lunas":false,"user_id":2}
[2026-04-20 23:17:59] [INFO] [::1] TRANSAKSI_PEMBAYARAN {"registrasi_id":32,"nominal":180,"jumlah_bayar":"19201.00","sisa":0,"lunas":true,"user_id":2}
[2026-04-20 23:22:33] [INFO] [::1] TRANSAKSI_PEMBAYARAN {"registrasi_id":34,"nominal":109,"jumlah_bayar":"121.00","sisa":0,"lunas":true,"user_id":2}
[2026-04-21 00:00:25] [INFO] [::1] TRANSAKSI_SET_TAGIHAN {"registrasi_id":34,"total_tagihan":1218,"user_id":2}
[2026-04-21 00:01:17] [INFO] [::1] TRANSAKSI_PEMBAYARAN {"registrasi_id":34,"nominal":21,"jumlah_bayar":"142.00","sisa":1076,"lunas":false,"user_id":2}
[2026-04-21 09:29:16] [INFO] [::1] TRANSAKSI_SET_TAGIHAN {"registrasi_id":33,"total_tagihan":119879978008,"user_id":2}
[2026-04-21 10:40:56] [INFO] [::1] TRANSAKSI_SET_TAGIHAN {"registrasi_id":34,"total_tagihan":1218,"user_id":2}
[2026-04-21 14:23:04] [INFO] [::1] TRANSAKSI_PEMBAYARAN {"registrasi_id":36,"nominal":10000,"jumlah_bayar":"10000.00","sisa":0,"lunas":true,"user_id":2}
[2026-04-21 14:24:07] [INFO] [::1] TRANSAKSI_SET_TAGIHAN {"registrasi_id":36,"total_tagihan":20000,"user_id":2}
[2026-04-21 14:26:10] [INFO] [::1] TRANSAKSI_PEMBAYARAN {"registrasi_id":36,"nominal":10000,"jumlah_bayar":"20000.00","sisa":0,"lunas":true,"user_id":2}
[2026-04-21 14:52:38] [INFO] [::1] TRANSAKSI_SET_TAGIHAN {"registrasi_id":4,"total_tagihan":12300000,"user_id":2}
[2026-04-21 21:06:32] [INFO] [::1] TRANSAKSI_PEMBAYARAN {"registrasi_id":4,"nominal":12300000,"jumlah_bayar":"12300000.00","sisa":0,"lunas":true,"user_id":2}
[2026-04-22 15:01:44] [INFO] [::1] TRANSAKSI_PEMBAYARAN {"registrasi_id":28,"nominal":1000,"jumlah_bayar":"1000.00","sisa":0,"lunas":true,"user_id":2}
[2026-04-22 15:49:06] [INFO] [::1] TRANSAKSI_PEMBAYARAN {"registrasi_id":43,"nominal":1,"jumlah_bayar":"1.00","sisa":191,"lunas":false,"user_id":2}
[2026-04-22 15:50:42] [INFO] [::1] TRANSAKSI_PEMBAYARAN {"registrasi_id":43,"nominal":7,"jumlah_bayar":"8.00","sisa":184,"lunas":false,"user_id":2}
[2026-04-24 08:57:07] [INFO] [::1] TRANSAKSI_SET_TAGIHAN {"registrasi_id":11,"total_tagihan":97987997899,"user_id":2}
[2026-04-24 16:56:01] [INFO] [::1] TRANSAKSI_PEMBAYARAN {"registrasi_id":42,"nominal":68,"jumlah_bayar":"68.00","sisa":0,"lunas":true,"user_id":2}
